<?xml version="1.0" encoding="UTF-8"?>
<testng-results ignored="0" total="2" passed="2" failed="0" skipped="0">
  <reporter-output>
  </reporter-output>
  <suite started-at="2023-10-21T12:29:38 IST" name="Default suite" finished-at="2023-10-21T12:29:39 IST" duration-ms="92">
    <groups>
    </groups>
    <test started-at="2023-10-21T12:29:38 IST" name="Default test" finished-at="2023-10-21T12:29:39 IST" duration-ms="92">
      <class name="stringProramPAckage.OccurenceOfStrngTest">
        <test-method signature="countwords()[pri:0, instance:stringProramPAckage.OccurenceOfStrngTest@2ea41516]" started-at="2023-10-21T12:29:39 IST" name="countwords" finished-at="2023-10-21T12:29:39 IST" duration-ms="16" status="PASS">
          <reporter-output>
          </reporter-output>
        </test-method> <!-- countwords -->
        <test-method signature="occurence()[pri:0, instance:stringProramPAckage.OccurenceOfStrngTest@2ea41516]" started-at="2023-10-21T12:29:39 IST" name="occurence" finished-at="2023-10-21T12:29:39 IST" duration-ms="3" status="PASS">
          <reporter-output>
          </reporter-output>
        </test-method> <!-- occurence -->
      </class> <!-- stringProramPAckage.OccurenceOfStrngTest -->
    </test> <!-- Default test -->
  </suite> <!-- Default suite -->
</testng-results>
